0 info it worked if it ends with ok
1 verbose cli [ '/opt/bitnami/nodejs/bin/.node.bin',
1 verbose cli   '/opt/bitnami/nodejs/bin/npm',
1 verbose cli   'start' ]
2 info using npm@3.10.3
3 info using node@v6.3.1
4 verbose run-script [ 'prestart', 'start', 'poststart' ]
5 info lifecycle journey_tracks@0.0.0~prestart: journey_tracks@0.0.0
6 silly lifecycle journey_tracks@0.0.0~prestart: no script for prestart, continuing
7 info lifecycle journey_tracks@0.0.0~start: journey_tracks@0.0.0
8 verbose lifecycle journey_tracks@0.0.0~start: unsafe-perm in lifecycle true
9 verbose lifecycle journey_tracks@0.0.0~start: PATH: /opt/bitnami/nodejs/lib/node_modules/npm/bin/node-gyp-bin:/opt/bitnami/apache2/htdocs/Creative_Projects/MapDB/journey_tracks/node_modules/.bin:/opt/bitnami/nodejs/bin:/opt/bitnami/nodejs/bin:/opt/bitnami/git/bin:/opt/bitnami/mongodb/bin:/opt/bitnami/sqlite/bin:/opt/bitnami/php/bin:/opt/bitnami/python/bin:/opt/bitnami/apache2/bin:/opt/bitnami/common/bin:/usr/local/sbin:/usr/local/bin:/usr/sbin:/usr/bin:/sbin:/bin:/usr/games:/usr/local/games
10 verbose lifecycle journey_tracks@0.0.0~start: CWD: /opt/bitnami/apache2/htdocs/Creative_Projects/MapDB/journey_tracks
11 silly lifecycle journey_tracks@0.0.0~start: Args: [ '-c', 'node ./bin/www' ]
12 silly lifecycle journey_tracks@0.0.0~start: Returned: code: 1  signal: null
13 info lifecycle journey_tracks@0.0.0~start: Failed to exec start script
14 verbose stack Error: journey_tracks@0.0.0 start: `node ./bin/www`
14 verbose stack Exit status 1
14 verbose stack     at EventEmitter.<anonymous> (/opt/bitnami/nodejs/lib/node_modules/npm/lib/utils/lifecycle.js:242:16)
14 verbose stack     at emitTwo (events.js:106:13)
14 verbose stack     at EventEmitter.emit (events.js:191:7)
14 verbose stack     at ChildProcess.<anonymous> (/opt/bitnami/nodejs/lib/node_modules/npm/lib/utils/spawn.js:40:14)
14 verbose stack     at emitTwo (events.js:106:13)
14 verbose stack     at ChildProcess.emit (events.js:191:7)
14 verbose stack     at maybeClose (internal/child_process.js:852:16)
14 verbose stack     at Process.ChildProcess._handle.onexit (internal/child_process.js:215:5)
15 verbose pkgid journey_tracks@0.0.0
16 verbose cwd /opt/bitnami/apache2/htdocs/Creative_Projects/MapDB/journey_tracks
17 error Linux 3.13.0-93-generic
18 error argv "/opt/bitnami/nodejs/bin/.node.bin" "/opt/bitnami/nodejs/bin/npm" "start"
19 error node v6.3.1
20 error npm  v3.10.3
21 error code ELIFECYCLE
22 error journey_tracks@0.0.0 start: `node ./bin/www`
22 error Exit status 1
23 error Failed at the journey_tracks@0.0.0 start script 'node ./bin/www'.
23 error Make sure you have the latest version of node.js and npm installed.
23 error If you do, this is most likely a problem with the journey_tracks package,
23 error not with npm itself.
23 error Tell the author that this fails on your system:
23 error     node ./bin/www
23 error You can get information on how to open an issue for this project with:
23 error     npm bugs journey_tracks
23 error Or if that isn't available, you can get their info via:
23 error     npm owner ls journey_tracks
23 error There is likely additional logging output above.
24 verbose exit [ 1, true ]
